[2025-03-21 22:53:03.974][DBG][Px9168][Tx60445][Logger] ----------------------------- 
[2025-03-21 22:53:03.974][DBG][Px9168][Tx60445][Logger] MAA Process Start 
[2025-03-21 22:53:03.974][DBG][Px9168][Tx60445][Logger] Version v4.0.0 
[2025-03-21 22:53:03.974][DBG][Px9168][Tx60445][Logger] Built at Mar  9 2025 15:36:46 
[2025-03-21 22:53:03.974][DBG][Px9168][Tx60445][Logger] Windows x64 
[2025-03-21 22:53:03.974][DBG][Px9168][Tx60445][Logger] Working E:/1/PCR/PCRauro-RE/MaaPracticeBoilerplate/install 
[2025-03-21 22:53:03.974][DBG][Px9168][Tx60445][Logger] Logging E:/1/PCR/PCRauro-RE/MaaPracticeBoilerplate/install/debug/maa.log 
[2025-03-21 22:53:03.974][DBG][Px9168][Tx60445][Logger] ----------------------------- 
[2025-03-21 22:53:03.974][TRC][Px9168][Tx60445][GlobalOptionMgr.cpp][L33][MaaNS::GlobalOptionMgr::set_log_dir] | leave, 3ms 
[2025-03-21 22:53:03.975][TRC][Px9168][Tx60445][GlobalOptionMgr.cpp][L10][MaaNS::GlobalOptionMgr::set_option] | leave, 3ms 
[2025-03-21 22:53:03.975][TRC][Px9168][Tx60445][MaaFramework.cpp][L159][MaaSetGlobalOption] | leave, 3ms 
[2025-03-21 22:53:03.975][DBG][Px9168][Tx60445][MaaFramework.cpp][L159][MaaSetGlobalOption] [key=2] [value=00007FF9DF387079] [val_size=1] | enter 
[2025-03-21 22:53:03.975][DBG][Px9168][Tx60445][GlobalOptionMgr.cpp][L10][MaaNS::GlobalOptionMgr::set_option] [key=2] [value=00007FF9DF387079] [val_size=1] | enter 
[2025-03-21 22:53:03.975][DBG][Px9168][Tx60445][GlobalOptionMgr.cpp][L47][MaaNS::GlobalOptionMgr::set_save_draw] | enter 
[2025-03-21 22:53:03.975][INF][Px9168][Tx60445][GlobalOptionMgr.cpp][L56][MaaNS::GlobalOptionMgr::set_save_draw] Set save draw [save_draw_=false] 
[2025-03-21 22:53:03.975][TRC][Px9168][Tx60445][GlobalOptionMgr.cpp][L47][MaaNS::GlobalOptionMgr::set_save_draw] | leave, 0ms 
[2025-03-21 22:53:03.975][TRC][Px9168][Tx60445][GlobalOptionMgr.cpp][L10][MaaNS::GlobalOptionMgr::set_option] | leave, 0ms 
[2025-03-21 22:53:03.975][TRC][Px9168][Tx60445][MaaFramework.cpp][L159][MaaSetGlobalOption] | leave, 0ms 
[2025-03-21 22:53:03.975][DBG][Px9168][Tx60445][MaaFramework.cpp][L159][MaaSetGlobalOption] [key=3] [value=00007FF9DF38707A] [val_size=1] | enter 
[2025-03-21 22:53:03.975][DBG][Px9168][Tx60445][GlobalOptionMgr.cpp][L10][MaaNS::GlobalOptionMgr::set_option] [key=3] [value=00007FF9DF38707A] [val_size=1] | enter 
[2025-03-21 22:53:03.975][DBG][Px9168][Tx60445][GlobalOptionMgr.cpp][L79][MaaNS::GlobalOptionMgr::set_recording] | enter 
[2025-03-21 22:53:03.975][INF][Px9168][Tx60445][GlobalOptionMgr.cpp][L88][MaaNS::GlobalOptionMgr::set_recording] Set recording [recording_=false] 
[2025-03-21 22:53:03.975][TRC][Px9168][Tx60445][GlobalOptionMgr.cpp][L79][MaaNS::GlobalOptionMgr::set_recording] | leave, 0ms 
[2025-03-21 22:53:03.975][TRC][Px9168][Tx60445][GlobalOptionMgr.cpp][L10][MaaNS::GlobalOptionMgr::set_option] | leave, 0ms 
[2025-03-21 22:53:03.975][TRC][Px9168][Tx60445][MaaFramework.cpp][L159][MaaSetGlobalOption] | leave, 0ms 
[2025-03-21 22:53:03.975][DBG][Px9168][Tx60445][MaaFramework.cpp][L159][MaaSetGlobalOption] [key=4] [value=00007FF9DF38707C] [val_size=4] | enter 
[2025-03-21 22:53:03.975][DBG][Px9168][Tx60445][GlobalOptionMgr.cpp][L10][MaaNS::GlobalOptionMgr::set_option] [key=4] [value=00007FF9DF38707C] [val_size=4] | enter 
[2025-03-21 22:53:03.975][DBG][Px9168][Tx60445][GlobalOptionMgr.cpp][L95][MaaNS::GlobalOptionMgr::set_stdout_level] | enter 
[2025-03-21 22:53:03.975][INF][Px9168][Tx60445][GlobalOptionMgr.cpp][L104][MaaNS::GlobalOptionMgr::set_stdout_level] Set log stdout level [level=2] 
[2025-03-21 22:53:03.975][TRC][Px9168][Tx60445][GlobalOptionMgr.cpp][L95][MaaNS::GlobalOptionMgr::set_stdout_level] | leave, 0ms 
[2025-03-21 22:53:03.975][TRC][Px9168][Tx60445][GlobalOptionMgr.cpp][L10][MaaNS::GlobalOptionMgr::set_option] | leave, 0ms 
[2025-03-21 22:53:03.975][TRC][Px9168][Tx60445][MaaFramework.cpp][L159][MaaSetGlobalOption] | leave, 0ms 
[2025-03-21 22:53:03.975][DBG][Px9168][Tx60445][MaaFramework.cpp][L159][MaaSetGlobalOption] [key=5] [value=00007FF9DF387080] [val_size=1] | enter 
[2025-03-21 22:53:03.975][DBG][Px9168][Tx60445][GlobalOptionMgr.cpp][L10][MaaNS::GlobalOptionMgr::set_option] [key=5] [value=00007FF9DF387080] [val_size=1] | enter 
[2025-03-21 22:53:03.976][DBG][Px9168][Tx60445][GlobalOptionMgr.cpp][L63][MaaNS::GlobalOptionMgr::set_show_hit_draw] | enter 
[2025-03-21 22:53:03.976][INF][Px9168][Tx60445][GlobalOptionMgr.cpp][L72][MaaNS::GlobalOptionMgr::set_show_hit_draw] Set show_hit_draw [show_hit_draw_=false] 
[2025-03-21 22:53:03.976][TRC][Px9168][Tx60445][GlobalOptionMgr.cpp][L63][MaaNS::GlobalOptionMgr::set_show_hit_draw] | leave, 0ms 
[2025-03-21 22:53:03.976][TRC][Px9168][Tx60445][GlobalOptionMgr.cpp][L10][MaaNS::GlobalOptionMgr::set_option] | leave, 0ms 
[2025-03-21 22:53:03.976][TRC][Px9168][Tx60445][MaaFramework.cpp][L159][MaaSetGlobalOption] | leave, 0ms 
[2025-03-21 22:53:03.976][DBG][Px9168][Tx60445][GlobalOptionConfig.cpp][L83][MaaNS::ToolkitNS::GlobalOptionConfig::apply_option] [bret=true] 
[2025-03-21 22:53:03.976][TRC][Px9168][Tx60445][GlobalOptionConfig.cpp][L67][MaaNS::ToolkitNS::GlobalOptionConfig::apply_option] | leave, 5ms 
[2025-03-21 22:53:03.976][TRC][Px9168][Tx60445][GlobalOptionConfig.cpp][L17][MaaNS::ToolkitNS::GlobalOptionConfig::init] | leave, 14ms 
[2025-03-21 22:53:03.976][DBG][Px9168][Tx60445][interactor.cpp][L121][Interactor::Interactor] [user_path_=E:/1/PCR/PCRauro-RE/MaaPracticeBoilerplate/install] 
[2025-03-21 22:53:03.976][DBG][Px9168][Tx60445][interactor.cpp][L126][Interactor::load] [resource_path=E:/1/PCR/PCRauro-RE/MaaPracticeBoilerplate/install] | enter 
[2025-03-21 22:53:03.976][DBG][Px9168][Tx60445][Configurator.cpp][L14][MaaNS::ProjectInterfaceNS::Configurator::load] [resource_dir=E:/1/PCR/PCRauro-RE/MaaPracticeBoilerplate/install] [user_dir=E:/1/PCR/PCRauro-RE/MaaPracticeBoilerplate/install] | enter 
[2025-03-21 22:53:03.976][DBG][Px9168][Tx60445][Parser.cpp][L12][MaaNS::ProjectInterfaceNS::Parser::parse_interface] [path=E:/1/PCR/PCRauro-RE/MaaPracticeBoilerplate/install/interface.json] | enter 
[2025-03-21 22:53:03.987][INF][Px9168][Tx60445][Parser.cpp][L56][MaaNS::ProjectInterfaceNS::Parser::parse_interface] Interface Version: [data.version=v0.0.1] 
[2025-03-21 22:53:03.988][TRC][Px9168][Tx60445][Parser.cpp][L12][MaaNS::ProjectInterfaceNS::Parser::parse_interface] | leave, 11ms 
[2025-03-21 22:53:03.988][DBG][Px9168][Tx60445][Parser.cpp][L62][MaaNS::ProjectInterfaceNS::Parser::parse_config] [path=E:/1/PCR/PCRauro-RE/MaaPracticeBoilerplate/install/config/maa_pi_config.json] | enter 
[2025-03-21 22:53:03.988][WRN][Px9168][Tx60445][Parser.cpp][L66][MaaNS::ProjectInterfaceNS::Parser::parse_config] failed to parse E:/1/PCR/PCRauro-RE/MaaPracticeBoilerplate/install/config/maa_pi_config.json 
[2025-03-21 22:53:03.988][TRC][Px9168][Tx60445][Parser.cpp][L62][MaaNS::ProjectInterfaceNS::Parser::parse_config] | leave, 0ms 
[2025-03-21 22:53:03.988][TRC][Px9168][Tx60445][Configurator.cpp][L14][MaaNS::ProjectInterfaceNS::Configurator::load] | leave, 12ms 
[2025-03-21 22:53:03.988][DBG][Px9168][Tx60445][Configurator.cpp][L41][MaaNS::ProjectInterfaceNS::Configurator::check_configuration] | enter 
[2025-03-21 22:53:03.988][TRC][Px9168][Tx60445][Configurator.cpp][L41][MaaNS::ProjectInterfaceNS::Configurator::check_configuration] | leave, 0ms 
[2025-03-21 22:53:03.988][TRC][Px9168][Tx60445][interactor.cpp][L126][Interactor::load] | leave, 12ms 
[2025-03-21 22:53:12.748][DBG][Px9168][Tx60445][AdbDeviceFinder.cpp][L21][MaaNS::ToolkitNS::AdbDeviceFinder::find] | enter 
[2025-03-21 22:53:12.752][DBG][Px9168][Tx60445][PlatformWin32.cpp][L174][MaaNS::list_processes] Process size: 272 
[2025-03-21 22:53:12.752][DBG][Px9168][Tx60445][PlatformWin32.cpp][L191][MaaNS::list_processes] Failed to OpenProcess [error=5] [pid=4] 
[2025-03-21 22:53:12.752][DBG][Px9168][Tx60445][PlatformWin32.cpp][L191][MaaNS::list_processes] Failed to OpenProcess [error=5] [pid=196] 
[2025-03-21 22:53:12.752][DBG][Px9168][Tx60445][PlatformWin32.cpp][L191][MaaNS::list_processes] Failed to OpenProcess [error=5] [pid=796] 
[2025-03-21 22:53:12.752][DBG][Px9168][Tx60445][PlatformWin32.cpp][L191][MaaNS::list_processes] Failed to OpenProcess [error=5] [pid=868] 
[2025-03-21 22:53:12.752][DBG][Px9168][Tx60445][PlatformWin32.cpp][L191][MaaNS::list_processes] Failed to OpenProcess [error=5] [pid=1112] 
[2025-03-21 22:53:12.752][DBG][Px9168][Tx60445][PlatformWin32.cpp][L191][MaaNS::list_processes] Failed to OpenProcess [error=5] [pid=1124] 
[2025-03-21 22:53:12.752][DBG][Px9168][Tx60445][PlatformWin32.cpp][L191][MaaNS::list_processes] Failed to OpenProcess [error=5] [pid=1196] 
[2025-03-21 22:53:12.752][DBG][Px9168][Tx60445][PlatformWin32.cpp][L191][MaaNS::list_processes] Failed to OpenProcess [error=5] [pid=1228] 
[2025-03-21 22:53:12.752][DBG][Px9168][Tx60445][PlatformWin32.cpp][L191][MaaNS::list_processes] Failed to OpenProcess [error=5] [pid=1292] 
[2025-03-21 22:53:12.752][DBG][Px9168][Tx60445][PlatformWin32.cpp][L191][MaaNS::list_processes] Failed to OpenProcess [error=5] [pid=1428] 
[2025-03-21 22:53:12.752][DBG][Px9168][Tx60445][PlatformWin32.cpp][L191][MaaNS::list_processes] Failed to OpenProcess [error=5] [pid=1456] 
[2025-03-21 22:53:12.752][DBG][Px9168][Tx60445][PlatformWin32.cpp][L191][MaaNS::list_processes] Failed to OpenProcess [error=5] [pid=1464] 
[2025-03-21 22:53:12.752][DBG][Px9168][Tx60445][PlatformWin32.cpp][L191][MaaNS::list_processes] Failed to OpenProcess [error=5] [pid=1480] 
[2025-03-21 22:53:12.752][DBG][Px9168][Tx60445][PlatformWin32.cpp][L191][MaaNS::list_processes] Failed to OpenProcess [error=5] [pid=1600] 
[2025-03-21 22:53:12.752][DBG][Px9168][Tx60445][PlatformWin32.cpp][L191][MaaNS::list_processes] Failed to OpenProcess [error=5] [pid=1648] 
[2025-03-21 22:53:12.752][DBG][Px9168][Tx60445][PlatformWin32.cpp][L191][MaaNS::list_processes] Failed to OpenProcess [error=5] [pid=1752] 
[2025-03-21 22:53:12.753][DBG][Px9168][Tx60445][PlatformWin32.cpp][L191][MaaNS::list_processes] Failed to OpenProcess [error=5] [pid=1972] 
[2025-03-21 22:53:12.753][DBG][Px9168][Tx60445][PlatformWin32.cpp][L191][MaaNS::list_processes] Failed to OpenProcess [error=5] [pid=1980] 
[2025-03-21 22:53:12.753][DBG][Px9168][Tx60445][PlatformWin32.cpp][L191][MaaNS::list_processes] Failed to OpenProcess [error=5] [pid=2024] 
[2025-03-21 22:53:12.753][DBG][Px9168][Tx60445][PlatformWin32.cpp][L191][MaaNS::list_processes] Failed to OpenProcess [error=5] [pid=1108] 
[2025-03-21 22:53:12.753][DBG][Px9168][Tx60445][PlatformWin32.cpp][L191][MaaNS::list_processes] Failed to OpenProcess [error=5] [pid=1352] 
[2025-03-21 22:53:12.753][DBG][Px9168][Tx60445][PlatformWin32.cpp][L191][MaaNS::list_processes] Failed to OpenProcess [error=5] [pid=1272] 
[2025-03-21 22:53:12.753][DBG][Px9168][Tx60445][PlatformWin32.cpp][L191][MaaNS::list_processes] Failed to OpenProcess [error=5] [pid=2084] 
[2025-03-21 22:53:12.753][DBG][Px9168][Tx60445][PlatformWin32.cpp][L191][MaaNS::list_processes] Failed to OpenProcess [error=5] [pid=2180] 
[2025-03-21 22:53:12.753][DBG][Px9168][Tx60445][PlatformWin32.cpp][L191][MaaNS::list_processes] Failed to OpenProcess [error=5] [pid=2416] 
[2025-03-21 22:53:12.753][DBG][Px9168][Tx60445][PlatformWin32.cpp][L191][MaaNS::list_processes] Failed to OpenProcess [error=5] [pid=2440] 
[2025-03-21 22:53:12.753][DBG][Px9168][Tx60445][PlatformWin32.cpp][L191][MaaNS::list_processes] Failed to OpenProcess [error=5] [pid=2448] 
[2025-03-21 22:53:12.753][DBG][Px9168][Tx60445][PlatformWin32.cpp][L191][MaaNS::list_processes] Failed to OpenProcess [error=5] [pid=2572] 
[2025-03-21 22:53:12.753][DBG][Px9168][Tx60445][PlatformWin32.cpp][L191][MaaNS::list_processes] Failed to OpenProcess [error=5] [pid=2672] 
[2025-03-21 22:53:12.753][DBG][Px9168][Tx60445][PlatformWin32.cpp][L191][MaaNS::list_processes] Failed to OpenProcess [error=5] [pid=2680] 
[2025-03-21 22:53:12.753][DBG][Px9168][Tx60445][PlatformWin32.cpp][L191][MaaNS::list_processes] Failed to OpenProcess [error=5] [pid=2724] 
[2025-03-21 22:53:12.753][DBG][Px9168][Tx60445][PlatformWin32.cpp][L191][MaaNS::list_processes] Failed to OpenProcess [error=5] [pid=2740] 
[2025-03-21 22:53:12.753][DBG][Px9168][Tx60445][PlatformWin32.cpp][L191][MaaNS::list_processes] Failed to OpenProcess [error=5] [pid=2844] 
[2025-03-21 22:53:12.753][DBG][Px9168][Tx60445][PlatformWin32.cpp][L191][MaaNS::list_processes] Failed to OpenProcess [error=5] [pid=2912] 
[2025-03-21 22:53:12.753][DBG][Px9168][Tx60445][PlatformWin32.cpp][L191][MaaNS::list_processes] Failed to OpenProcess [error=5] [pid=2936] 
[2025-03-21 22:53:12.753][DBG][Px9168][Tx60445][PlatformWin32.cpp][L191][MaaNS::list_processes] Failed to OpenProcess [error=5] [pid=3040] 
[2025-03-21 22:53:12.753][DBG][Px9168][Tx60445][PlatformWin32.cpp][L191][MaaNS::list_processes] Failed to OpenProcess [error=5] [pid=2500] 
[2025-03-21 22:53:12.753][DBG][Px9168][Tx60445][PlatformWin32.cpp][L191][MaaNS::list_processes] Failed to OpenProcess [error=5] [pid=3100] 
[2025-03-21 22:53:12.753][DBG][Px9168][Tx60445][PlatformWin32.cpp][L191][MaaNS::list_processes] Failed to OpenProcess [error=5] [pid=3108] 
[2025-03-21 22:53:12.753][DBG][Px9168][Tx60445][PlatformWin32.cpp][L191][MaaNS::list_processes] Failed to OpenProcess [error=5] [pid=3124] 
[2025-03-21 22:53:12.754][DBG][Px9168][Tx60445][PlatformWin32.cpp][L191][MaaNS::list_processes] Failed to OpenProcess [error=5] [pid=3212] 
[2025-03-21 22:53:12.754][DBG][Px9168][Tx60445][PlatformWin32.cpp][L191][MaaNS::list_processes] Failed to OpenProcess [error=5] [pid=3308] 
[2025-03-21 22:53:12.754][DBG][Px9168][Tx60445][PlatformWin32.cpp][L191][MaaNS::list_processes] Failed to OpenProcess [error=5] [pid=3372] 
[2025-03-21 22:53:12.754][DBG][Px9168][Tx60445][PlatformWin32.cpp][L191][MaaNS::list_processes] Failed to OpenProcess [error=5] [pid=3384] 
[2025-03-21 22:53:12.754][DBG][Px9168][Tx60445][PlatformWin32.cpp][L191][MaaNS::list_processes] Failed to OpenProcess [error=5] [pid=3396] 
[2025-03-21 22:53:12.754][DBG][Px9168][Tx60445][PlatformWin32.cpp][L191][MaaNS::list_processes] Failed to OpenProcess [error=5] [pid=3552] 
[2025-03-21 22:53:12.754][DBG][Px9168][Tx60445][PlatformWin32.cpp][L191][MaaNS::list_processes] Failed to OpenProcess [error=5] [pid=3676] 
[2025-03-21 22:53:12.754][DBG][Px9168][Tx60445][PlatformWin32.cpp][L191][MaaNS::list_processes] Failed to OpenProcess [error=5] [pid=3804] 
[2025-03-21 22:53:12.754][DBG][Px9168][Tx60445][PlatformWin32.cpp][L191][MaaNS::list_processes] Failed to OpenProcess [error=5] [pid=3812] 
[2025-03-21 22:53:12.754][DBG][Px9168][Tx60445][PlatformWin32.cpp][L191][MaaNS::list_processes] Failed to OpenProcess [error=5] [pid=4076] 
[2025-03-21 22:53:12.754][DBG][Px9168][Tx60445][PlatformWin32.cpp][L191][MaaNS::list_processes] Failed to OpenProcess [error=5] [pid=4104] 
[2025-03-21 22:53:12.754][DBG][Px9168][Tx60445][PlatformWin32.cpp][L191][MaaNS::list_processes] Failed to OpenProcess [error=5] [pid=4140] 
[2025-03-21 22:53:12.754][DBG][Px9168][Tx60445][PlatformWin32.cpp][L191][MaaNS::list_processes] Failed to OpenProcess [error=5] [pid=4148] 
[2025-03-21 22:53:12.754][DBG][Px9168][Tx60445][PlatformWin32.cpp][L191][MaaNS::list_processes] Failed to OpenProcess [error=5] [pid=4448] 
[2025-03-21 22:53:12.754][DBG][Px9168][Tx60445][PlatformWin32.cpp][L191][MaaNS::list_processes] Failed to OpenProcess [error=5] [pid=4472] 
[2025-03-21 22:53:12.754][DBG][Px9168][Tx60445][PlatformWin32.cpp][L191][MaaNS::list_processes] Failed to OpenProcess [error=5] [pid=4500] 
[2025-03-21 22:53:12.754][DBG][Px9168][Tx60445][PlatformWin32.cpp][L191][MaaNS::list_processes] Failed to OpenProcess [error=5] [pid=4568] 
[2025-03-21 22:53:12.754][DBG][Px9168][Tx60445][PlatformWin32.cpp][L191][MaaNS::list_processes] Failed to OpenProcess [error=5] [pid=4692] 
[2025-03-21 22:53:12.754][DBG][Px9168][Tx60445][PlatformWin32.cpp][L191][MaaNS::list_processes] Failed to OpenProcess [error=5] [pid=4760] 
[2025-03-21 22:53:12.754][DBG][Px9168][Tx60445][PlatformWin32.cpp][L191][MaaNS::list_processes] Failed to OpenProcess [error=5] [pid=4912] 
[2025-03-21 22:53:12.754][DBG][Px9168][Tx60445][PlatformWin32.cpp][L191][MaaNS::list_processes] Failed to OpenProcess [error=5] [pid=4940] 
[2025-03-21 22:53:12.754][DBG][Px9168][Tx60445][PlatformWin32.cpp][L191][MaaNS::list_processes] Failed to OpenProcess [error=5] [pid=4972] 
[2025-03-21 22:53:12.754][DBG][Px9168][Tx60445][PlatformWin32.cpp][L191][MaaNS::list_processes] Failed to OpenProcess [error=5] [pid=4216] 
[2025-03-21 22:53:12.755][DBG][Px9168][Tx60445][PlatformWin32.cpp][L191][MaaNS::list_processes] Failed to OpenProcess [error=5] [pid=5384] 
[2025-03-21 22:53:12.755][DBG][Px9168][Tx60445][PlatformWin32.cpp][L191][MaaNS::list_processes] Failed to OpenProcess [error=5] [pid=5400] 
[2025-03-21 22:53:12.755][DBG][Px9168][Tx60445][PlatformWin32.cpp][L191][MaaNS::list_processes] Failed to OpenProcess [error=5] [pid=5408] 
[2025-03-21 22:53:12.755][DBG][Px9168][Tx60445][PlatformWin32.cpp][L191][MaaNS::list_processes] Failed to OpenProcess [error=5] [pid=5420] 
[2025-03-21 22:53:12.755][DBG][Px9168][Tx60445][PlatformWin32.cpp][L191][MaaNS::list_processes] Failed to OpenProcess [error=5] [pid=5436] 
[2025-03-21 22:53:12.755][DBG][Px9168][Tx60445][PlatformWin32.cpp][L191][MaaNS::list_processes] Failed to OpenProcess [error=5] [pid=5444] 
[2025-03-21 22:53:12.755][DBG][Px9168][Tx60445][PlatformWin32.cpp][L191][MaaNS::list_processes] Failed to OpenProcess [error=5] [pid=5460] 
[2025-03-21 22:53:12.755][DBG][Px9168][Tx60445][PlatformWin32.cpp][L191][MaaNS::list_processes] Failed to OpenProcess [error=5] [pid=5468] 
[2025-03-21 22:53:12.755][DBG][Px9168][Tx60445][PlatformWin32.cpp][L191][MaaNS::list_processes] Failed to OpenProcess [error=5] [pid=5488] 
[2025-03-21 22:53:12.755][DBG][Px9168][Tx60445][PlatformWin32.cpp][L191][MaaNS::list_processes] Failed to OpenProcess [error=5] [pid=5496] 
[2025-03-21 22:53:12.756][DBG][Px9168][Tx60445][PlatformWin32.cpp][L191][MaaNS::list_processes] Failed to OpenProcess [error=5] [pid=5504] 
[2025-03-21 22:53:12.756][DBG][Px9168][Tx60445][PlatformWin32.cpp][L191][MaaNS::list_processes] Failed to OpenProcess [error=5] [pid=5512] 
[2025-03-21 22:53:12.756][DBG][Px9168][Tx60445][PlatformWin32.cpp][L191][MaaNS::list_processes] Failed to OpenProcess [error=5] [pid=5524] 
[2025-03-21 22:53:12.756][DBG][Px9168][Tx60445][PlatformWin32.cpp][L191][MaaNS::list_processes] Failed to OpenProcess [error=5] [pid=5532] 
[2025-03-21 22:53:12.756][DBG][Px9168][Tx60445][PlatformWin32.cpp][L191][MaaNS::list_processes] Failed to OpenProcess [error=5] [pid=5556] 
[2025-03-21 22:53:12.756][DBG][Px9168][Tx60445][PlatformWin32.cpp][L191][MaaNS::list_processes] Failed to OpenProcess [error=5] [pid=5596] 
[2025-03-21 22:53:12.756][DBG][Px9168][Tx60445][PlatformWin32.cpp][L191][MaaNS::list_processes] Failed to OpenProcess [error=5] [pid=5628] 
[2025-03-21 22:53:12.756][DBG][Px9168][Tx60445][PlatformWin32.cpp][L191][MaaNS::list_processes] Failed to OpenProcess [error=5] [pid=5644] 
[2025-03-21 22:53:12.756][DBG][Px9168][Tx60445][PlatformWin32.cpp][L191][MaaNS::list_processes] Failed to OpenProcess [error=5] [pid=5672] 
[2025-03-21 22:53:12.756][DBG][Px9168][Tx60445][PlatformWin32.cpp][L191][MaaNS::list_processes] Failed to OpenProcess [error=5] [pid=5736] 
[2025-03-21 22:53:12.756][DBG][Px9168][Tx60445][PlatformWin32.cpp][L191][MaaNS::list_processes] Failed to OpenProcess [error=5] [pid=5844] 
[2025-03-21 22:53:12.756][DBG][Px9168][Tx60445][PlatformWin32.cpp][L191][MaaNS::list_processes] Failed to OpenProcess [error=5] [pid=5856] 
[2025-03-21 22:53:12.756][DBG][Px9168][Tx60445][PlatformWin32.cpp][L191][MaaNS::list_processes] Failed to OpenProcess [error=5] [pid=5864] 
[2025-03-21 22:53:12.756][DBG][Px9168][Tx60445][PlatformWin32.cpp][L191][MaaNS::list_processes] Failed to OpenProcess [error=5] [pid=5872] 
[2025-03-21 22:53:12.756][DBG][Px9168][Tx60445][PlatformWin32.cpp][L191][MaaNS::list_processes] Failed to OpenProcess [error=5] [pid=5884] 
[2025-03-21 22:53:12.756][DBG][Px9168][Tx60445][PlatformWin32.cpp][L191][MaaNS::list_processes] Failed to OpenProcess [error=5] [pid=5948] 
[2025-03-21 22:53:12.756][DBG][Px9168][Tx60445][PlatformWin32.cpp][L191][MaaNS::list_processes] Failed to OpenProcess [error=5] [pid=5980] 
[2025-03-21 22:53:12.756][DBG][Px9168][Tx60445][PlatformWin32.cpp][L191][MaaNS::list_processes] Failed to OpenProcess [error=5] [pid=5988] 
[2025-03-21 22:53:12.756][DBG][Px9168][Tx60445][PlatformWin32.cpp][L191][MaaNS::list_processes] Failed to OpenProcess [error=5] [pid=5996] 
[2025-03-21 22:53:12.756][DBG][Px9168][Tx60445][PlatformWin32.cpp][L191][MaaNS::list_processes] Failed to OpenProcess [error=5] [pid=6008] 
[2025-03-21 22:53:12.756][DBG][Px9168][Tx60445][PlatformWin32.cpp][L191][MaaNS::list_processes] Failed to OpenProcess [error=5] [pid=6020] 
[2025-03-21 22:53:12.756][DBG][Px9168][Tx60445][PlatformWin32.cpp][L191][MaaNS::list_processes] Failed to OpenProcess [error=5] [pid=6448] 
[2025-03-21 22:53:12.756][DBG][Px9168][Tx60445][PlatformWin32.cpp][L191][MaaNS::list_processes] Failed to OpenProcess [error=5] [pid=6912] 
[2025-03-21 22:53:12.756][DBG][Px9168][Tx60445][PlatformWin32.cpp][L191][MaaNS::list_processes] Failed to OpenProcess [error=5] [pid=6376] 
[2025-03-21 22:53:12.756][DBG][Px9168][Tx60445][PlatformWin32.cpp][L191][MaaNS::list_processes] Failed to OpenProcess [error=5] [pid=7184] 
[2025-03-21 22:53:12.757][DBG][Px9168][Tx60445][PlatformWin32.cpp][L191][MaaNS::list_processes] Failed to OpenProcess [error=5] [pid=7468] 
[2025-03-21 22:53:12.757][DBG][Px9168][Tx60445][PlatformWin32.cpp][L191][MaaNS::list_processes] Failed to OpenProcess [error=5] [pid=7724] 
[2025-03-21 22:53:12.757][DBG][Px9168][Tx60445][PlatformWin32.cpp][L191][MaaNS::list_processes] Failed to OpenProcess [error=5] [pid=8196] 
[2025-03-21 22:53:12.757][DBG][Px9168][Tx60445][PlatformWin32.cpp][L191][MaaNS::list_processes] Failed to OpenProcess [error=5] [pid=8436] 
[2025-03-21 22:53:12.757][DBG][Px9168][Tx60445][PlatformWin32.cpp][L191][MaaNS::list_processes] Failed to OpenProcess [error=5] [pid=8480] 
[2025-03-21 22:53:12.757][DBG][Px9168][Tx60445][PlatformWin32.cpp][L191][MaaNS::list_processes] Failed to OpenProcess [error=5] [pid=8700] 
[2025-03-21 22:53:12.757][DBG][Px9168][Tx60445][PlatformWin32.cpp][L191][MaaNS::list_processes] Failed to OpenProcess [error=5] [pid=2376] 
[2025-03-21 22:53:12.757][DBG][Px9168][Tx60445][PlatformWin32.cpp][L191][MaaNS::list_processes] Failed to OpenProcess [error=5] [pid=2764] 
[2025-03-21 22:53:12.757][DBG][Px9168][Tx60445][PlatformWin32.cpp][L191][MaaNS::list_processes] Failed to OpenProcess [error=5] [pid=9112] 
[2025-03-21 22:53:12.758][DBG][Px9168][Tx60445][PlatformWin32.cpp][L191][MaaNS::list_processes] Failed to OpenProcess [error=5] [pid=9620] 
[2025-03-21 22:53:12.758][DBG][Px9168][Tx60445][PlatformWin32.cpp][L191][MaaNS::list_processes] Failed to OpenProcess [error=5] [pid=9760] 
[2025-03-21 22:53:12.758][DBG][Px9168][Tx60445][PlatformWin32.cpp][L191][MaaNS::list_processes] Failed to OpenProcess [error=5] [pid=9780] 
[2025-03-21 22:53:12.758][DBG][Px9168][Tx60445][PlatformWin32.cpp][L191][MaaNS::list_processes] Failed to OpenProcess [error=5] [pid=9916] 
[2025-03-21 22:53:12.759][DBG][Px9168][Tx60445][PlatformWin32.cpp][L191][MaaNS::list_processes] Failed to OpenProcess [error=5] [pid=9968] 
[2025-03-21 22:53:12.759][DBG][Px9168][Tx60445][PlatformWin32.cpp][L191][MaaNS::list_processes] Failed to OpenProcess [error=5] [pid=9640] 
[2025-03-21 22:53:12.759][DBG][Px9168][Tx60445][PlatformWin32.cpp][L191][MaaNS::list_processes] Failed to OpenProcess [error=5] [pid=10324] 
[2025-03-21 22:53:12.759][DBG][Px9168][Tx60445][PlatformWin32.cpp][L191][MaaNS::list_processes] Failed to OpenProcess [error=5] [pid=11012] 
[2025-03-21 22:53:12.759][DBG][Px9168][Tx60445][PlatformWin32.cpp][L191][MaaNS::list_processes] Failed to OpenProcess [error=5] [pid=11032] 
[2025-03-21 22:53:12.759][DBG][Px9168][Tx60445][PlatformWin32.cpp][L191][MaaNS::list_processes] Failed to OpenProcess [error=5] [pid=5336] 
[2025-03-21 22:53:12.759][DBG][Px9168][Tx60445][PlatformWin32.cpp][L191][MaaNS::list_processes] Failed to OpenProcess [error=5] [pid=11152] 
[2025-03-21 22:53:12.760][DBG][Px9168][Tx60445][PlatformWin32.cpp][L191][MaaNS::list_processes] Failed to OpenProcess [error=5] [pid=10744] 
[2025-03-21 22:53:12.762][DBG][Px9168][Tx60445][PlatformWin32.cpp][L191][MaaNS::list_processes] Failed to OpenProcess [error=5] [pid=12376] 
[2025-03-21 22:53:12.762][DBG][Px9168][Tx60445][PlatformWin32.cpp][L191][MaaNS::list_processes] Failed to OpenProcess [error=5] [pid=12780] 
[2025-03-21 22:53:12.763][DBG][Px9168][Tx60445][PlatformWin32.cpp][L191][MaaNS::list_processes] Failed to OpenProcess [error=5] [pid=14280] 
[2025-03-21 22:53:12.763][DBG][Px9168][Tx60445][PlatformWin32.cpp][L191][MaaNS::list_processes] Failed to OpenProcess [error=5] [pid=4980] 
[2025-03-21 22:53:12.763][DBG][Px9168][Tx60445][PlatformWin32.cpp][L191][MaaNS::list_processes] Failed to OpenProcess [error=5] [pid=11680] 
[2025-03-21 22:53:12.763][DBG][Px9168][Tx60445][PlatformWin32.cpp][L191][MaaNS::list_processes] Failed to OpenProcess [error=5] [pid=13908] 
[2025-03-21 22:53:12.763][DBG][Px9168][Tx60445][PlatformWin32.cpp][L191][MaaNS::list_processes] Failed to OpenProcess [error=5] [pid=14476] 
[2025-03-21 22:53:12.763][DBG][Px9168][Tx60445][PlatformWin32.cpp][L191][MaaNS::list_processes] Failed to OpenProcess [error=5] [pid=14564] 
[2025-03-21 22:53:12.763][DBG][Px9168][Tx60445][PlatformWin32.cpp][L191][MaaNS::list_processes] Failed to OpenProcess [error=5] [pid=14768] 
[2025-03-21 22:53:12.763][DBG][Px9168][Tx60445][PlatformWin32.cpp][L191][MaaNS::list_processes] Failed to OpenProcess [error=5] [pid=14824] 
[2025-03-21 22:53:12.763][DBG][Px9168][Tx60445][PlatformWin32.cpp][L191][MaaNS::list_processes] Failed to OpenProcess [error=5] [pid=15232] 
[2025-03-21 22:53:12.764][DBG][Px9168][Tx60445][PlatformWin32.cpp][L191][MaaNS::list_processes] Failed to OpenProcess [error=5] [pid=10096] 
[2025-03-21 22:53:12.764][DBG][Px9168][Tx60445][PlatformWin32.cpp][L191][MaaNS::list_processes] Failed to OpenProcess [error=5] [pid=15588] 
[2025-03-21 22:53:12.764][DBG][Px9168][Tx60445][PlatformWin32.cpp][L191][MaaNS::list_processes] Failed to OpenProcess [error=5] [pid=12540] 
[2025-03-21 22:53:12.764][DBG][Px9168][Tx60445][PlatformWin32.cpp][L191][MaaNS::list_processes] Failed to OpenProcess [error=5] [pid=16392] 
[2025-03-21 22:53:12.764][DBG][Px9168][Tx60445][PlatformWin32.cpp][L191][MaaNS::list_processes] Failed to OpenProcess [error=5] [pid=16608] 
[2025-03-21 22:53:12.765][DBG][Px9168][Tx60445][PlatformWin32.cpp][L191][MaaNS::list_processes] Failed to OpenProcess [error=5] [pid=6028] 
[2025-03-21 22:53:12.766][DBG][Px9168][Tx60445][PlatformWin32.cpp][L191][MaaNS::list_processes] Failed to OpenProcess [error=5] [pid=18380] 
[2025-03-21 22:53:12.766][DBG][Px9168][Tx60445][PlatformWin32.cpp][L191][MaaNS::list_processes] Failed to OpenProcess [error=5] [pid=7952] 
[2025-03-21 22:53:12.766][DBG][Px9168][Tx60445][PlatformWin32.cpp][L191][MaaNS::list_processes] Failed to OpenProcess [error=5] [pid=1864] 
[2025-03-21 22:53:12.766][DBG][Px9168][Tx60445][PlatformWin32.cpp][L191][MaaNS::list_processes] Failed to OpenProcess [error=5] [pid=8228] 
[2025-03-21 22:53:12.766][DBG][Px9168][Tx60445][PlatformWin32.cpp][L191][MaaNS::list_processes] Failed to OpenProcess [error=5] [pid=8716] 
[2025-03-21 22:53:12.766][DBG][Px9168][Tx60445][PlatformWin32.cpp][L191][MaaNS::list_processes] Failed to OpenProcess [error=5] [pid=16132] 
[2025-03-21 22:53:12.766][DBG][Px9168][Tx60445][PlatformWin32.cpp][L191][MaaNS::list_processes] Failed to OpenProcess [error=5] [pid=17528] 
[2025-03-21 22:53:12.766][DBG][Px9168][Tx60445][PlatformWin32.cpp][L191][MaaNS::list_processes] Failed to OpenProcess [error=5] [pid=8588] 
[2025-03-21 22:53:12.766][DBG][Px9168][Tx60445][PlatformWin32.cpp][L191][MaaNS::list_processes] Failed to OpenProcess [error=5] [pid=11428] 
[2025-03-21 22:53:12.768][DBG][Px9168][Tx60445][PlatformWin32.cpp][L191][MaaNS::list_processes] Failed to OpenProcess [error=5] [pid=10416] 
[2025-03-21 22:53:12.768][DBG][Px9168][Tx60445][PlatformWin32.cpp][L191][MaaNS::list_processes] Failed to OpenProcess [error=5] [pid=6688] 
[2025-03-21 22:53:12.768][DBG][Px9168][Tx60445][PlatformWin32.cpp][L191][MaaNS::list_processes] Failed to OpenProcess [error=5] [pid=21332] 
[2025-03-21 22:53:12.771][DBG][Px9168][Tx60445][PlatformWin32.cpp][L191][MaaNS::list_processes] Failed to OpenProcess [error=5] [pid=380] 
[2025-03-21 22:53:12.771][DBG][Px9168][Tx60445][PlatformWin32.cpp][L191][MaaNS::list_processes] Failed to OpenProcess [error=5] [pid=21828] 
[2025-03-21 22:53:12.771][DBG][Px9168][Tx60445][PlatformWin32.cpp][L191][MaaNS::list_processes] Failed to OpenProcess [error=5] [pid=21748] 
[2025-03-21 22:53:12.774][DBG][Px9168][Tx60445][PlatformWin32.cpp][L191][MaaNS::list_processes] Failed to OpenProcess [error=5] [pid=20292] 
[2025-03-21 22:53:12.774][DBG][Px9168][Tx60445][PlatformWin32.cpp][L191][MaaNS::list_processes] Failed to OpenProcess [error=5] [pid=10632] 
[2025-03-21 22:53:12.774][DBG][Px9168][Tx60445][PlatformWin32.cpp][L191][MaaNS::list_processes] Failed to OpenProcess [error=5] [pid=12024] 
[2025-03-21 22:53:12.775][DBG][Px9168][Tx60445][PlatformWin32.cpp][L191][MaaNS::list_processes] Failed to OpenProcess [error=5] [pid=10824] 
[2025-03-21 22:53:12.775][DBG][Px9168][Tx60445][PlatformWin32.cpp][L191][MaaNS::list_processes] Failed to OpenProcess [error=5] [pid=13304] 
[2025-03-21 22:53:12.775][DBG][Px9168][Tx60445][PlatformWin32.cpp][L191][MaaNS::list_processes] Failed to OpenProcess [error=5] [pid=9944] 
[2025-03-21 22:53:12.778][INF][Px9168][Tx60445][AdbDeviceFinder.cpp][L129][MaaNS::ToolkitNS::AdbDeviceFinder::find_emulators] [result=[]] 
[2025-03-21 22:53:12.909][DBG][Px9168][Tx60445][AdbDeviceFinder.cpp][L56][MaaNS::ToolkitNS::AdbDeviceFinder::find_specified] [adb_path=D:/Tool/ADBTOOL/platform-tools_r33.0.3-windows/platform-tools/adb.exe] | enter 
[2025-03-21 22:53:12.910][DBG][Px9168][Tx60445][AdbDeviceFinder.cpp][L154][MaaNS::ToolkitNS::AdbDeviceFinder::find_serials_by_adb_command] [adb_path=D:/Tool/ADBTOOL/platform-tools_r33.0.3-windows/platform-tools/adb.exe] | enter 
[2025-03-21 22:53:12.910][DBG][Px9168][Tx60445][LibraryHolder.h][L49][MaaNS::LibraryHolder<class MaaNS::AdbControlUnitLibraryHolder>::load_library] [libname=E:/1/PCR/PCRauro-RE/MaaPracticeBoilerplate/install/MaaAdbControlUnit] | enter 
[2025-03-21 22:53:12.910][INF][Px9168][Tx60445][LibraryHolder.h][L64][MaaNS::LibraryHolder<class MaaNS::AdbControlUnitLibraryHolder>::load_library] Loading library [libname=E:/1/PCR/PCRauro-RE/MaaPracticeBoilerplate/install/MaaAdbControlUnit] 
[2025-03-21 22:53:12.932][TRC][Px9168][Tx60445][LibraryHolder.h][L49][MaaNS::LibraryHolder<class MaaNS::AdbControlUnitLibraryHolder>::load_library] | leave, 22ms 
[2025-03-21 22:53:12.932][DBG][Px9168][Tx60445][LibraryHolder.h][L115][MaaNS::LibraryHolder<class MaaNS::AdbControlUnitLibraryHolder>::get_function] [func_name=MaaAdbControlUnitGetVersion] | enter 
[2025-03-21 22:53:12.932][TRC][Px9168][Tx60445][LibraryHolder.h][L115][MaaNS::LibraryHolder<class MaaNS::AdbControlUnitLibraryHolder>::get_function] | leave, 0ms 
[2025-03-21 22:53:12.932][INF][Px9168][Tx60445][ControlUnit.cpp][L22][MaaNS::check_version] class MaaNS::AdbControlUnitLibraryHolder Library version: v4.0.0 
[2025-03-21 22:53:12.933][DBG][Px9168][Tx60445][LibraryHolder.h][L115][MaaNS::LibraryHolder<class MaaNS::AdbControlUnitLibraryHolder>::get_function] [func_name=MaaAdbControlUnitCreate] | enter 
[2025-03-21 22:53:12.933][TRC][Px9168][Tx60445][LibraryHolder.h][L115][MaaNS::LibraryHolder<class MaaNS::AdbControlUnitLibraryHolder>::get_function] | leave, 0ms 
[2025-03-21 22:53:12.933][DBG][Px9168][Tx60445][LibraryHolder.h][L115][MaaNS::LibraryHolder<class MaaNS::AdbControlUnitLibraryHolder>::get_function] [func_name=MaaAdbControlUnitDestroy] | enter 
[2025-03-21 22:53:12.933][TRC][Px9168][Tx60445][LibraryHolder.h][L115][MaaNS::LibraryHolder<class MaaNS::AdbControlUnitLibraryHolder>::get_function] | leave, 0ms 
[2025-03-21 22:53:12.933][DBG][Px9168][Tx60445][AdbControlUnitAPI.cpp][L28][MaaAdbControlUnitCreate] [adb_path=D:/Tool/ADBTOOL/platform-tools_r33.0.3-windows/platform-tools/adb.exe] [adb_serial=] [screencap_methods=0] [input_methods=0] [config={}] [agent_path=] | enter 
[2025-03-21 22:53:12.933][TRC][Px9168][Tx60445][AdbControlUnitAPI.cpp][L28][MaaAdbControlUnitCreate] | leave, 0ms 
[2025-03-21 22:53:12.933][DBG][Px9168][Tx60445][DeviceList.cpp][L22][MaaNS::CtrlUnitNs::DeviceList::request_devices] | enter 
[2025-03-21 22:53:13.011][DBG][Px9168][Tx60445][ChildPipeIOStream.cpp][L83][MaaNS::ChildPipeIOStream::ChildPipeIOStream] [exec_=D:/Tool/ADBTOOL/platform-tools_r33.0.3-windows/platform-tools/adb.exe] [args_=["devices"]] [child_.id()=9444] 
[2025-03-21 22:53:14.860][DBG][Px9168][Tx28615][Logger] ----------------------------- 
[2025-03-21 22:53:14.860][DBG][Px9168][Tx28615][Logger] Close log 
[2025-03-21 22:53:14.860][DBG][Px9168][Tx28615][Logger] ----------------------------- 
